<?xml version="1.0" encoding="UTF-8"?>
<!-- Generated by org.testng.reporters.JUnitXMLReporter -->
<testsuite ignored="0" hostname="SAMPATH" failures="0" tests="3" name="Default test" time="0.07" errors="0" timestamp="2021-09-22T15:02:53 IST">
  <testcase classname="com.comcast.Contact.LeadTest" name="LeadwithOrgTest" time="0.01"/>
  <testcase classname="com.comcast.Contact.LeadTest" name="LeadwithoutOrgTest" time="0.003"/>
  <testcase classname="com.comcast.Contact.LeadTest" name="leadTest" time="0.002"/>
</testsuite> <!-- Default test -->
