<?xml version="1.0" encoding="UTF-8"?>
<testng-results ignored="0" total="3" passed="3" failed="0" skipped="0">
  <reporter-output>
  </reporter-output>
  <suite started-at="2021-09-22T15:02:53 IST" name="Default suite" finished-at="2021-09-22T15:02:53 IST" duration-ms="70">
    <groups>
      <group name="Regression Test">
        <method signature="LeadTest.LeadwithOrgTest()[pri:0, instance:com.comcast.Contact.LeadTest@6a6afff2]" name="LeadwithOrgTest" class="com.comcast.Contact.LeadTest"/>
        <method signature="LeadTest.LeadwithoutOrgTest()[pri:0, instance:com.comcast.Contact.LeadTest@6a6afff2]" name="LeadwithoutOrgTest" class="com.comcast.Contact.LeadTest"/>
      </group> <!-- Regression Test -->
      <group name="Smoke Test">
        <method signature="LeadTest.leadTest()[pri:0, instance:com.comcast.Contact.LeadTest@6a6afff2]" name="leadTest" class="com.comcast.Contact.LeadTest"/>
      </group> <!-- Smoke Test -->
    </groups>
    <test started-at="2021-09-22T15:02:53 IST" name="Default test" finished-at="2021-09-22T15:02:53 IST" duration-ms="70">
      <class name="com.comcast.Contact.LeadTest">
        <test-method signature="LeadwithOrgTest()[pri:0, instance:com.comcast.Contact.LeadTest@6a6afff2]" started-at="2021-09-22T15:02:53 IST" name="LeadwithOrgTest" finished-at="2021-09-22T15:02:53 IST" duration-ms="10" status="PASS">
          <reporter-output>
          </reporter-output>
        </test-method> <!-- LeadwithOrgTest -->
        <test-method signature="LeadwithoutOrgTest()[pri:0, instance:com.comcast.Contact.LeadTest@6a6afff2]" started-at="2021-09-22T15:02:53 IST" name="LeadwithoutOrgTest" finished-at="2021-09-22T15:02:53 IST" duration-ms="3" status="PASS">
          <reporter-output>
          </reporter-output>
        </test-method> <!-- LeadwithoutOrgTest -->
        <test-method signature="leadTest()[pri:0, instance:com.comcast.Contact.LeadTest@6a6afff2]" started-at="2021-09-22T15:02:53 IST" name="leadTest" finished-at="2021-09-22T15:02:53 IST" duration-ms="2" status="PASS">
          <reporter-output>
          </reporter-output>
        </test-method> <!-- leadTest -->
      </class> <!-- com.comcast.Contact.LeadTest -->
    </test> <!-- Default test -->
  </suite> <!-- Default suite -->
</testng-results>
